<?xml version="1.0" encoding="UTF-8"?>
<!-- Generated by org.testng.reporters.JUnitXMLReporter -->
<testsuite ignored="0" hostname="Ankitas-MacBook-Air.local" failures="0" tests="9" name="Default test" time="88.951" errors="0" timestamp="2024-12-02T15:33:52 GMT-08:00">
  <testcase classname="tests.HomeTest" name="Launch_App_1" time="0.733"/>
  <testcase classname="tests.HomeTest" name="Verify_launch_page_fields_2" time="2.748"/>
  <testcase classname="tests.HomeTest" name="Verify_launch_page_Negative_3" time="0.908"/>
  <testcase classname="tests.HomeTest" name="Verify_launch_page_Positive_4" time="32.002"/>
  <testcase classname="tests.HomeTest" name="Verify_Products_page_Add_to_cart_one_product_5" time="12.233"/>
  <testcase classname="tests.HomeTest" name="Verify_Cart_page_Product_Price_6" time="2.714"/>
  <testcase classname="tests.HomeTest" name="Verify_Products_page_Add_to_cart_two_products_7" time="22.788"/>
  <testcase classname="tests.HomeTest" name="Verify_Cart_page_Terms_and_notifications_checkBox_8" time="3.891"/>
  <testcase classname="tests.HomeTest" name="Verify_HybridApp_9" time="2.387"/>
</testsuite> <!-- Default test -->
