<?xml version="1.0" encoding="UTF-8"?>
<testng-results ignored="0" total="9" passed="9" failed="0" skipped="0">
  <reporter-output>
  </reporter-output>
  <suite started-at="2024-12-02T15:32:23 GMT-08:00" name="Default suite" finished-at="2024-12-02T15:33:52 GMT-08:00" duration-ms="88951">
    <groups>
    </groups>
    <test started-at="2024-12-02T15:32:23 GMT-08:00" name="Default test" finished-at="2024-12-02T15:33:52 GMT-08:00" duration-ms="88951">
      <class name="tests.HomeTest">
        <test-method is-config="true" signature="startServer()[pri:0, instance:tests.HomeTest@6f43c82]" started-at="2024-12-02T15:32:23 GMT-08:00" name="startServer" finished-at="2024-12-02T15:32:23 GMT-08:00" duration-ms="102" status="PASS">
          <reporter-output>
          </reporter-output>
        </test-method> <!-- startServer -->
        <test-method is-config="true" signature="setUp()[pri:0, instance:tests.HomeTest@6f43c82]" started-at="2024-12-02T15:32:23 GMT-08:00" name="setUp" finished-at="2024-12-02T15:32:31 GMT-08:00" duration-ms="8052" status="PASS">
          <reporter-output>
          </reporter-output>
        </test-method> <!-- setUp -->
        <test-method signature="Launch_App_1()[pri:0, instance:tests.HomeTest@6f43c82]" started-at="2024-12-02T15:32:31 GMT-08:00" name="Launch_App_1" finished-at="2024-12-02T15:32:32 GMT-08:00" duration-ms="733" status="PASS">
          <reporter-output>
          </reporter-output>
        </test-method> <!-- Launch_App_1 -->
        <test-method signature="Verify_launch_page_fields_2()[pri:0, instance:tests.HomeTest@6f43c82]" started-at="2024-12-02T15:32:32 GMT-08:00" name="Verify_launch_page_fields_2" finished-at="2024-12-02T15:32:34 GMT-08:00" depends-on-methods="tests.HomeTest.Launch_App_1" duration-ms="2748" status="PASS">
          <reporter-output>
          </reporter-output>
        </test-method> <!-- Verify_launch_page_fields_2 -->
        <test-method signature="Verify_launch_page_Negative_3()[pri:0, instance:tests.HomeTest@6f43c82]" started-at="2024-12-02T15:32:34 GMT-08:00" name="Verify_launch_page_Negative_3" finished-at="2024-12-02T15:32:35 GMT-08:00" depends-on-methods="tests.HomeTest.Verify_launch_page_fields_2" duration-ms="908" status="PASS">
          <reporter-output>
          </reporter-output>
        </test-method> <!-- Verify_launch_page_Negative_3 -->
        <test-method signature="Verify_launch_page_Positive_4()[pri:0, instance:tests.HomeTest@6f43c82]" started-at="2024-12-02T15:32:35 GMT-08:00" name="Verify_launch_page_Positive_4" finished-at="2024-12-02T15:33:07 GMT-08:00" depends-on-methods="tests.HomeTest.Verify_launch_page_fields_2" duration-ms="32002" status="PASS">
          <reporter-output>
          </reporter-output>
        </test-method> <!-- Verify_launch_page_Positive_4 -->
        <test-method signature="Verify_Products_page_Add_to_cart_one_product_5()[pri:0, instance:tests.HomeTest@6f43c82]" started-at="2024-12-02T15:33:07 GMT-08:00" name="Verify_Products_page_Add_to_cart_one_product_5" finished-at="2024-12-02T15:33:20 GMT-08:00" depends-on-methods="tests.HomeTest.Verify_launch_page_Positive_4" duration-ms="12233" status="PASS">
          <reporter-output>
          </reporter-output>
        </test-method> <!-- Verify_Products_page_Add_to_cart_one_product_5 -->
        <test-method signature="Verify_Cart_page_Product_Price_6()[pri:0, instance:tests.HomeTest@6f43c82]" started-at="2024-12-02T15:33:20 GMT-08:00" name="Verify_Cart_page_Product_Price_6" finished-at="2024-12-02T15:33:22 GMT-08:00" depends-on-methods="tests.HomeTest.Verify_Products_page_Add_to_cart_one_product_5" duration-ms="2714" status="PASS">
          <reporter-output>
          </reporter-output>
        </test-method> <!-- Verify_Cart_page_Product_Price_6 -->
        <test-method signature="Verify_Products_page_Add_to_cart_two_products_7()[pri:0, instance:tests.HomeTest@6f43c82]" started-at="2024-12-02T15:33:22 GMT-08:00" name="Verify_Products_page_Add_to_cart_two_products_7" finished-at="2024-12-02T15:33:45 GMT-08:00" depends-on-methods="tests.HomeTest.Verify_Cart_page_Product_Price_6" duration-ms="22788" status="PASS">
          <reporter-output>
          </reporter-output>
        </test-method> <!-- Verify_Products_page_Add_to_cart_two_products_7 -->
        <test-method signature="Verify_Cart_page_Terms_and_notifications_checkBox_8()[pri:0, instance:tests.HomeTest@6f43c82]" started-at="2024-12-02T15:33:45 GMT-08:00" name="Verify_Cart_page_Terms_and_notifications_checkBox_8" finished-at="2024-12-02T15:33:49 GMT-08:00" depends-on-methods="tests.HomeTest.Verify_Products_page_Add_to_cart_two_products_7" duration-ms="3891" status="PASS">
          <reporter-output>
          </reporter-output>
        </test-method> <!-- Verify_Cart_page_Terms_and_notifications_checkBox_8 -->
        <test-method signature="Verify_HybridApp_9()[pri:0, instance:tests.HomeTest@6f43c82]" started-at="2024-12-02T15:33:49 GMT-08:00" name="Verify_HybridApp_9" finished-at="2024-12-02T15:33:51 GMT-08:00" depends-on-methods="tests.HomeTest.Verify_Cart_page_Terms_and_notifications_checkBox_8" duration-ms="2387" status="PASS">
          <reporter-output>
          </reporter-output>
        </test-method> <!-- Verify_HybridApp_9 -->
        <test-method is-config="true" signature="tearDown()[pri:0, instance:tests.HomeTest@6f43c82]" started-at="2024-12-02T15:33:51 GMT-08:00" name="tearDown" finished-at="2024-12-02T15:33:52 GMT-08:00" duration-ms="338" status="PASS">
          <reporter-output>
          </reporter-output>
        </test-method> <!-- tearDown -->
        <test-method is-config="true" signature="stopServer()[pri:0, instance:tests.HomeTest@6f43c82]" started-at="2024-12-02T15:33:52 GMT-08:00" name="stopServer" finished-at="2024-12-02T15:33:52 GMT-08:00" duration-ms="1" status="PASS">
          <reporter-output>
          </reporter-output>
        </test-method> <!-- stopServer -->
      </class> <!-- tests.HomeTest -->
    </test> <!-- Default test -->
  </suite> <!-- Default suite -->
</testng-results>
